{"C:\\Users\\dhdan\\Desktop\\proyectos\\micro-services-practic\\database\\index.js": {"path":"C:\\Users\\dhdan\\Desktop\\proyectos\\micro-services-practic\\database\\index.js","statementMap":{"0":{"start":{"line":1,"column":0},"end":{"line":1,"column":26}},"1":{"start":{"line":2,"column":16},"end":{"line":2,"column":49}},"2":{"start":{"line":3,"column":15},"end":{"line":3,"column":38}},"3":{"start":{"line":5,"column":17},"end":{"line":5,"column":37}},"4":{"start":{"line":7,"column":0},"end":{"line":11,"column":1}},"5":{"start":{"line":8,"column":2},"end":{"line":10,"column":4}},"6":{"start":{"line":9,"column":4},"end":{"line":9,"column":46}},"7":{"start":{"line":13,"column":0},"end":{"line":13,"column":16}},"8":{"start":{"line":15,"column":0},"end":{"line":15,"column":23}}},"fnMap":{"0":{"name":"(anonymous_0)","decl":{"start":{"line":8,"column":22},"end":{"line":8,"column":23}},"loc":{"start":{"line":8,"column":34},"end":{"line":10,"column":3}},"line":8}},"branchMap":{"0":{"loc":{"start":{"line":7,"column":0},"end":{"line":11,"column":1}},"type":"if","locations":[{"start":{"line":7,"column":0},"end":{"line":11,"column":1}},{"start":{},"end":{}}],"line":7}},"s":{"0":1,"1":1,"2":1,"3":1,"4":1,"5":0,"6":0,"7":1,"8":1},"f":{"0":0},"b":{"0":[0,1]},"_coverageSchema":"1a1c01bbd47fc00a2c39e90264f33305004495a9","hash":"ef20f90759c04e6a3b39922d8910a96805fd0e15"}
,"C:\\Users\\dhdan\\Desktop\\proyectos\\micro-services-practic\\database\\helpers\\catchError.js": {"path":"C:\\Users\\dhdan\\Desktop\\proyectos\\micro-services-practic\\database\\helpers\\catchError.js","statementMap":{"0":{"start":{"line":1,"column":0},"end":{"line":2,"column":40}},"1":{"start":{"line":1,"column":25},"end":{"line":2,"column":40}},"2":{"start":{"line":2,"column":2},"end":{"line":2,"column":40}},"3":{"start":{"line":2,"column":30},"end":{"line":2,"column":39}}},"fnMap":{"0":{"name":"(anonymous_0)","decl":{"start":{"line":1,"column":17},"end":{"line":1,"column":18}},"loc":{"start":{"line":1,"column":25},"end":{"line":2,"column":40}},"line":1},"1":{"name":"(anonymous_1)","decl":{"start":{"line":1,"column":25},"end":{"line":1,"column":26}},"loc":{"start":{"line":2,"column":2},"end":{"line":2,"column":40}},"line":2},"2":{"name":"(anonymous_2)","decl":{"start":{"line":2,"column":21},"end":{"line":2,"column":22}},"loc":{"start":{"line":2,"column":30},"end":{"line":2,"column":39}},"line":2}},"branchMap":{},"s":{"0":1,"1":10,"2":3,"3":0},"f":{"0":10,"1":3,"2":0},"b":{},"_coverageSchema":"1a1c01bbd47fc00a2c39e90264f33305004495a9","hash":"f50f82319b28d847035e6e424a5841434b89fdce"}
,"C:\\Users\\dhdan\\Desktop\\proyectos\\micro-services-practic\\database\\helpers\\response.js": {"path":"C:\\Users\\dhdan\\Desktop\\proyectos\\micro-services-practic\\database\\helpers\\response.js","statementMap":{"0":{"start":{"line":1,"column":0},"end":{"line":6,"column":1}},"1":{"start":{"line":2,"column":2},"end":{"line":5,"column":4}}},"fnMap":{"0":{"name":"(anonymous_0)","decl":{"start":{"line":1,"column":17},"end":{"line":1,"column":18}},"loc":{"start":{"line":1,"column":38},"end":{"line":6,"column":1}},"line":1}},"branchMap":{},"s":{"0":1,"1":3},"f":{"0":3},"b":{},"_coverageSchema":"1a1c01bbd47fc00a2c39e90264f33305004495a9","hash":"a17b288ddfdfaa15c507a0174dac6ac5cf7e9e3f"}
,"C:\\Users\\dhdan\\Desktop\\proyectos\\micro-services-practic\\database\\src\\server.js": {"path":"C:\\Users\\dhdan\\Desktop\\proyectos\\micro-services-practic\\database\\src\\server.js","statementMap":{"0":{"start":{"line":1,"column":16},"end":{"line":1,"column":34}},"1":{"start":{"line":2,"column":15},"end":{"line":2,"column":32}},"2":{"start":{"line":4,"column":15},"end":{"line":4,"column":24}},"3":{"start":{"line":5,"column":0},"end":{"line":5,"column":25}},"4":{"start":{"line":6,"column":0},"end":{"line":6,"column":26}},"5":{"start":{"line":8,"column":0},"end":{"line":8,"column":38}},"6":{"start":{"line":10,"column":0},"end":{"line":15,"column":2}},"7":{"start":{"line":11,"column":2},"end":{"line":14,"column":4}},"8":{"start":{"line":17,"column":0},"end":{"line":17,"column":23}}},"fnMap":{"0":{"name":"(anonymous_0)","decl":{"start":{"line":10,"column":11},"end":{"line":10,"column":12}},"loc":{"start":{"line":10,"column":36},"end":{"line":15,"column":1}},"line":10}},"branchMap":{"0":{"loc":{"start":{"line":11,"column":13},"end":{"line":11,"column":35}},"type":"binary-expr","locations":[{"start":{"line":11,"column":13},"end":{"line":11,"column":28}},{"start":{"line":11,"column":32},"end":{"line":11,"column":35}}],"line":11}},"s":{"0":1,"1":1,"2":1,"3":1,"4":1,"5":1,"6":1,"7":0,"8":1},"f":{"0":0},"b":{"0":[0,0]},"_coverageSchema":"1a1c01bbd47fc00a2c39e90264f33305004495a9","hash":"1cecd9de2b60b41c552172d661083b35f994d579"}
,"C:\\Users\\dhdan\\Desktop\\proyectos\\micro-services-practic\\database\\src\\config\\db.config.js": {"path":"C:\\Users\\dhdan\\Desktop\\proyectos\\micro-services-practic\\database\\src\\config\\db.config.js","statementMap":{"0":{"start":{"line":1,"column":17},"end":{"line":1,"column":36}},"1":{"start":{"line":3,"column":16},"end":{"line":3,"column":37}},"2":{"start":{"line":5,"column":17},"end":{"line":5,"column":37}},"3":{"start":{"line":7,"column":0},"end":{"line":9,"column":1}},"4":{"start":{"line":8,"column":2},"end":{"line":8,"column":36}},"5":{"start":{"line":12,"column":2},"end":{"line":17,"column":3}},"6":{"start":{"line":13,"column":4},"end":{"line":13,"column":37}},"7":{"start":{"line":14,"column":4},"end":{"line":14,"column":37}},"8":{"start":{"line":16,"column":4},"end":{"line":16,"column":30}},"9":{"start":{"line":20,"column":0},"end":{"line":20,"column":24}}},"fnMap":{"0":{"name":"connect","decl":{"start":{"line":11,"column":15},"end":{"line":11,"column":22}},"loc":{"start":{"line":11,"column":25},"end":{"line":18,"column":1}},"line":11}},"branchMap":{"0":{"loc":{"start":{"line":7,"column":0},"end":{"line":9,"column":1}},"type":"if","locations":[{"start":{"line":7,"column":0},"end":{"line":9,"column":1}},{"start":{},"end":{}}],"line":7}},"s":{"0":1,"1":1,"2":1,"3":1,"4":1,"5":1,"6":1,"7":1,"8":0,"9":1},"f":{"0":1},"b":{"0":[1,0]},"_coverageSchema":"1a1c01bbd47fc00a2c39e90264f33305004495a9","hash":"47f7ffacc4c91bee54d08dbefc6c0f3e7b72b45e"}
,"C:\\Users\\dhdan\\Desktop\\proyectos\\micro-services-practic\\database\\src\\controllers\\characters.ctr.js": {"path":"C:\\Users\\dhdan\\Desktop\\proyectos\\micro-services-practic\\database\\src\\controllers\\characters.ctr.js","statementMap":{"0":{"start":{"line":1,"column":17},"end":{"line":1,"column":50}},"1":{"start":{"line":2,"column":20},"end":{"line":2,"column":55}},"2":{"start":{"line":4,"column":18},"end":{"line":4,"column":30}},"3":{"start":{"line":6,"column":23},"end":{"line":9,"column":1}},"4":{"start":{"line":7,"column":15},"end":{"line":7,"column":52}},"5":{"start":{"line":8,"column":2},"end":{"line":8,"column":26}},"6":{"start":{"line":11,"column":24},"end":{"line":16,"column":1}},"7":{"start":{"line":12,"column":15},"end":{"line":12,"column":23}},"8":{"start":{"line":14,"column":17},"end":{"line":14,"column":62}},"9":{"start":{"line":15,"column":2},"end":{"line":15,"column":28}},"10":{"start":{"line":18,"column":25},"end":{"line":24,"column":1}},"11":{"start":{"line":19,"column":17},"end":{"line":19,"column":27}},"12":{"start":{"line":21,"column":15},"end":{"line":21,"column":59}},"13":{"start":{"line":22,"column":2},"end":{"line":22,"column":26}},"14":{"start":{"line":26,"column":24},"end":{"line":31,"column":1}},"15":{"start":{"line":27,"column":17},"end":{"line":27,"column":27}},"16":{"start":{"line":29,"column":17},"end":{"line":29,"column":64}},"17":{"start":{"line":30,"column":2},"end":{"line":30,"column":28}},"18":{"start":{"line":33,"column":24},"end":{"line":40,"column":1}},"19":{"start":{"line":34,"column":17},"end":{"line":34,"column":27}},"20":{"start":{"line":35,"column":15},"end":{"line":35,"column":23}},"21":{"start":{"line":37,"column":17},"end":{"line":37,"column":66}},"22":{"start":{"line":39,"column":2},"end":{"line":39,"column":28}},"23":{"start":{"line":42,"column":0},"end":{"line":48,"column":1}}},"fnMap":{"0":{"name":"(anonymous_0)","decl":{"start":{"line":6,"column":23},"end":{"line":6,"column":24}},"loc":{"start":{"line":6,"column":43},"end":{"line":9,"column":1}},"line":6},"1":{"name":"(anonymous_1)","decl":{"start":{"line":11,"column":24},"end":{"line":11,"column":25}},"loc":{"start":{"line":11,"column":44},"end":{"line":16,"column":1}},"line":11},"2":{"name":"(anonymous_2)","decl":{"start":{"line":18,"column":25},"end":{"line":18,"column":26}},"loc":{"start":{"line":18,"column":45},"end":{"line":24,"column":1}},"line":18},"3":{"name":"(anonymous_3)","decl":{"start":{"line":26,"column":24},"end":{"line":26,"column":25}},"loc":{"start":{"line":26,"column":44},"end":{"line":31,"column":1}},"line":26},"4":{"name":"(anonymous_4)","decl":{"start":{"line":33,"column":24},"end":{"line":33,"column":25}},"loc":{"start":{"line":33,"column":44},"end":{"line":40,"column":1}},"line":33}},"branchMap":{},"s":{"0":1,"1":1,"2":1,"3":1,"4":1,"5":1,"6":1,"7":1,"8":1,"9":1,"10":1,"11":0,"12":0,"13":0,"14":1,"15":0,"16":0,"17":0,"18":1,"19":1,"20":1,"21":1,"22":1,"23":1},"f":{"0":1,"1":1,"2":0,"3":0,"4":1},"b":{},"_coverageSchema":"1a1c01bbd47fc00a2c39e90264f33305004495a9","hash":"2dfa086746d4c1a5704a64251d24ecb2be383fc0"}
,"C:\\Users\\dhdan\\Desktop\\proyectos\\micro-services-practic\\database\\src\\controllers\\films.ctr.js": {"path":"C:\\Users\\dhdan\\Desktop\\proyectos\\micro-services-practic\\database\\src\\controllers\\films.ctr.js","statementMap":{"0":{"start":{"line":1,"column":17},"end":{"line":1,"column":50}},"1":{"start":{"line":2,"column":20},"end":{"line":2,"column":55}},"2":{"start":{"line":3,"column":18},"end":{"line":3,"column":25}},"3":{"start":{"line":5,"column":21},"end":{"line":8,"column":1}},"4":{"start":{"line":6,"column":19},"end":{"line":6,"column":56}},"5":{"start":{"line":7,"column":2},"end":{"line":7,"column":30}},"6":{"start":{"line":10,"column":17},"end":{"line":15,"column":1}},"7":{"start":{"line":11,"column":17},"end":{"line":11,"column":27}},"8":{"start":{"line":13,"column":15},"end":{"line":13,"column":59}},"9":{"start":{"line":14,"column":2},"end":{"line":14,"column":26}},"10":{"start":{"line":17,"column":19},"end":{"line":22,"column":1}},"11":{"start":{"line":18,"column":15},"end":{"line":18,"column":23}},"12":{"start":{"line":20,"column":17},"end":{"line":20,"column":62}},"13":{"start":{"line":21,"column":2},"end":{"line":21,"column":28}},"14":{"start":{"line":24,"column":19},"end":{"line":30,"column":1}},"15":{"start":{"line":25,"column":17},"end":{"line":25,"column":27}},"16":{"start":{"line":26,"column":15},"end":{"line":26,"column":23}},"17":{"start":{"line":28,"column":17},"end":{"line":28,"column":66}},"18":{"start":{"line":29,"column":2},"end":{"line":29,"column":28}},"19":{"start":{"line":32,"column":19},"end":{"line":37,"column":1}},"20":{"start":{"line":33,"column":17},"end":{"line":33,"column":27}},"21":{"start":{"line":35,"column":18},"end":{"line":35,"column":65}},"22":{"start":{"line":36,"column":2},"end":{"line":36,"column":29}},"23":{"start":{"line":40,"column":0},"end":{"line":46,"column":1}}},"fnMap":{"0":{"name":"(anonymous_0)","decl":{"start":{"line":5,"column":21},"end":{"line":5,"column":22}},"loc":{"start":{"line":5,"column":41},"end":{"line":8,"column":1}},"line":5},"1":{"name":"(anonymous_1)","decl":{"start":{"line":10,"column":17},"end":{"line":10,"column":18}},"loc":{"start":{"line":10,"column":37},"end":{"line":15,"column":1}},"line":10},"2":{"name":"(anonymous_2)","decl":{"start":{"line":17,"column":19},"end":{"line":17,"column":20}},"loc":{"start":{"line":17,"column":39},"end":{"line":22,"column":1}},"line":17},"3":{"name":"(anonymous_3)","decl":{"start":{"line":24,"column":19},"end":{"line":24,"column":20}},"loc":{"start":{"line":24,"column":39},"end":{"line":30,"column":1}},"line":24},"4":{"name":"(anonymous_4)","decl":{"start":{"line":32,"column":19},"end":{"line":32,"column":20}},"loc":{"start":{"line":32,"column":39},"end":{"line":37,"column":1}},"line":32}},"branchMap":{},"s":{"0":1,"1":1,"2":1,"3":1,"4":0,"5":0,"6":1,"7":0,"8":0,"9":0,"10":1,"11":0,"12":0,"13":0,"14":1,"15":0,"16":0,"17":0,"18":0,"19":1,"20":0,"21":0,"22":0,"23":1},"f":{"0":0,"1":0,"2":0,"3":0,"4":0},"b":{},"_coverageSchema":"1a1c01bbd47fc00a2c39e90264f33305004495a9","hash":"ab47be5f4d61c93d1ab632bdf9b448e2b928a8be"}
,"C:\\Users\\dhdan\\Desktop\\proyectos\\micro-services-practic\\database\\src\\controllers\\index.js": {"path":"C:\\Users\\dhdan\\Desktop\\proyectos\\micro-services-practic\\database\\src\\controllers\\index.js","statementMap":{"0":{"start":{"line":1,"column":19},"end":{"line":1,"column":54}},"1":{"start":{"line":8,"column":4},"end":{"line":8,"column":31}},"2":{"start":{"line":15,"column":4},"end":{"line":15,"column":26}},"3":{"start":{"line":17,"column":0},"end":{"line":29,"column":1}}},"fnMap":{},"branchMap":{},"s":{"0":1,"1":1,"2":1,"3":1},"f":{},"b":{},"_coverageSchema":"1a1c01bbd47fc00a2c39e90264f33305004495a9","hash":"3c229aabfa2d9fab89b430ddfc390d25c168d982"}
,"C:\\Users\\dhdan\\Desktop\\proyectos\\micro-services-practic\\database\\src\\controllers\\planets.ctr.js": {"path":"C:\\Users\\dhdan\\Desktop\\proyectos\\micro-services-practic\\database\\src\\controllers\\planets.ctr.js","statementMap":{"0":{"start":{"line":1,"column":17},"end":{"line":1,"column":50}},"1":{"start":{"line":2,"column":20},"end":{"line":2,"column":55}},"2":{"start":{"line":4,"column":18},"end":{"line":4,"column":27}},"3":{"start":{"line":6,"column":20},"end":{"line":9,"column":1}},"4":{"start":{"line":7,"column":15},"end":{"line":7,"column":52}},"5":{"start":{"line":8,"column":2},"end":{"line":8,"column":26}},"6":{"start":{"line":11,"column":19},"end":{"line":16,"column":1}},"7":{"start":{"line":12,"column":17},"end":{"line":12,"column":27}},"8":{"start":{"line":14,"column":15},"end":{"line":14,"column":59}},"9":{"start":{"line":15,"column":2},"end":{"line":15,"column":26}},"10":{"start":{"line":18,"column":21},"end":{"line":23,"column":1}},"11":{"start":{"line":19,"column":15},"end":{"line":19,"column":23}},"12":{"start":{"line":21,"column":15},"end":{"line":21,"column":60}},"13":{"start":{"line":22,"column":2},"end":{"line":22,"column":26}},"14":{"start":{"line":25,"column":21},"end":{"line":31,"column":1}},"15":{"start":{"line":26,"column":17},"end":{"line":26,"column":27}},"16":{"start":{"line":27,"column":15},"end":{"line":27,"column":23}},"17":{"start":{"line":29,"column":15},"end":{"line":29,"column":64}},"18":{"start":{"line":30,"column":2},"end":{"line":30,"column":26}},"19":{"start":{"line":33,"column":21},"end":{"line":38,"column":1}},"20":{"start":{"line":34,"column":17},"end":{"line":34,"column":27}},"21":{"start":{"line":36,"column":15},"end":{"line":36,"column":62}},"22":{"start":{"line":37,"column":2},"end":{"line":37,"column":26}},"23":{"start":{"line":40,"column":0},"end":{"line":46,"column":1}}},"fnMap":{"0":{"name":"(anonymous_0)","decl":{"start":{"line":6,"column":20},"end":{"line":6,"column":21}},"loc":{"start":{"line":6,"column":40},"end":{"line":9,"column":1}},"line":6},"1":{"name":"(anonymous_1)","decl":{"start":{"line":11,"column":19},"end":{"line":11,"column":20}},"loc":{"start":{"line":11,"column":39},"end":{"line":16,"column":1}},"line":11},"2":{"name":"(anonymous_2)","decl":{"start":{"line":18,"column":21},"end":{"line":18,"column":22}},"loc":{"start":{"line":18,"column":41},"end":{"line":23,"column":1}},"line":18},"3":{"name":"(anonymous_3)","decl":{"start":{"line":25,"column":21},"end":{"line":25,"column":22}},"loc":{"start":{"line":25,"column":41},"end":{"line":31,"column":1}},"line":25},"4":{"name":"(anonymous_4)","decl":{"start":{"line":33,"column":21},"end":{"line":33,"column":22}},"loc":{"start":{"line":33,"column":41},"end":{"line":38,"column":1}},"line":33}},"branchMap":{},"s":{"0":1,"1":1,"2":1,"3":1,"4":0,"5":0,"6":1,"7":0,"8":0,"9":0,"10":1,"11":0,"12":0,"13":0,"14":1,"15":0,"16":0,"17":0,"18":0,"19":1,"20":0,"21":0,"22":0,"23":1},"f":{"0":0,"1":0,"2":0,"3":0,"4":0},"b":{},"_coverageSchema":"1a1c01bbd47fc00a2c39e90264f33305004495a9","hash":"72c76ab00dafd3651da90358ad6cc0acc8e7e3ae"}
,"C:\\Users\\dhdan\\Desktop\\proyectos\\micro-services-practic\\database\\src\\models\\characters.js": {"path":"C:\\Users\\dhdan\\Desktop\\proyectos\\micro-services-practic\\database\\src\\models\\characters.js","statementMap":{"0":{"start":{"line":1,"column":26},"end":{"line":1,"column":45}},"1":{"start":{"line":8,"column":4},"end":{"line":8,"column":31}},"2":{"start":{"line":10,"column":24},"end":{"line":27,"column":1}},"3":{"start":{"line":29,"column":0},"end":{"line":29,"column":69}},"4":{"start":{"line":29,"column":43},"end":{"line":29,"column":69}},"5":{"start":{"line":31,"column":0},"end":{"line":32,"column":35}},"6":{"start":{"line":32,"column":2},"end":{"line":32,"column":35}},"7":{"start":{"line":34,"column":0},"end":{"line":35,"column":31}},"8":{"start":{"line":35,"column":2},"end":{"line":35,"column":31}},"9":{"start":{"line":37,"column":0},"end":{"line":38,"column":33}},"10":{"start":{"line":38,"column":2},"end":{"line":38,"column":33}},"11":{"start":{"line":40,"column":0},"end":{"line":41,"column":33}},"12":{"start":{"line":41,"column":2},"end":{"line":41,"column":33}},"13":{"start":{"line":43,"column":18},"end":{"line":43,"column":53}},"14":{"start":{"line":44,"column":0},"end":{"line":44,"column":26}}},"fnMap":{"0":{"name":"(anonymous_0)","decl":{"start":{"line":29,"column":31},"end":{"line":29,"column":32}},"loc":{"start":{"line":29,"column":43},"end":{"line":29,"column":69}},"line":29},"1":{"name":"(anonymous_1)","decl":{"start":{"line":31,"column":33},"end":{"line":31,"column":34}},"loc":{"start":{"line":32,"column":2},"end":{"line":32,"column":35}},"line":32},"2":{"name":"(anonymous_2)","decl":{"start":{"line":34,"column":38},"end":{"line":34,"column":39}},"loc":{"start":{"line":35,"column":2},"end":{"line":35,"column":31}},"line":35},"3":{"name":"(anonymous_3)","decl":{"start":{"line":37,"column":41},"end":{"line":37,"column":42}},"loc":{"start":{"line":38,"column":2},"end":{"line":38,"column":33}},"line":38},"4":{"name":"(anonymous_4)","decl":{"start":{"line":40,"column":37},"end":{"line":40,"column":38}},"loc":{"start":{"line":41,"column":2},"end":{"line":41,"column":33}},"line":41}},"branchMap":{},"s":{"0":1,"1":1,"2":1,"3":1,"4":1,"5":1,"6":1,"7":1,"8":0,"9":1,"10":0,"11":1,"12":1,"13":1,"14":1},"f":{"0":1,"1":1,"2":0,"3":0,"4":1},"b":{},"_coverageSchema":"1a1c01bbd47fc00a2c39e90264f33305004495a9","hash":"62dfbf3ee9187db8da2fbcfbe652a8d0503d4713"}
,"C:\\Users\\dhdan\\Desktop\\proyectos\\micro-services-practic\\database\\src\\models\\staticsMethods.js": {"path":"C:\\Users\\dhdan\\Desktop\\proyectos\\micro-services-practic\\database\\src\\models\\staticsMethods.js","statementMap":{"0":{"start":{"line":1,"column":18},"end":{"line":3,"column":1}},"1":{"start":{"line":2,"column":2},"end":{"line":2,"column":29}},"2":{"start":{"line":5,"column":19},"end":{"line":7,"column":1}},"3":{"start":{"line":6,"column":2},"end":{"line":6,"column":33}},"4":{"start":{"line":9,"column":17},"end":{"line":11,"column":1}},"5":{"start":{"line":10,"column":2},"end":{"line":10,"column":33}},"6":{"start":{"line":13,"column":19},"end":{"line":15,"column":1}},"7":{"start":{"line":14,"column":2},"end":{"line":14,"column":43}},"8":{"start":{"line":17,"column":19},"end":{"line":19,"column":1}},"9":{"start":{"line":18,"column":2},"end":{"line":18,"column":57}},"10":{"start":{"line":21,"column":0},"end":{"line":27,"column":1}}},"fnMap":{"0":{"name":"(anonymous_0)","decl":{"start":{"line":1,"column":18},"end":{"line":1,"column":19}},"loc":{"start":{"line":1,"column":35},"end":{"line":3,"column":1}},"line":1},"1":{"name":"(anonymous_1)","decl":{"start":{"line":5,"column":19},"end":{"line":5,"column":20}},"loc":{"start":{"line":5,"column":42},"end":{"line":7,"column":1}},"line":5},"2":{"name":"(anonymous_2)","decl":{"start":{"line":9,"column":17},"end":{"line":9,"column":18}},"loc":{"start":{"line":9,"column":38},"end":{"line":11,"column":1}},"line":9},"3":{"name":"(anonymous_3)","decl":{"start":{"line":13,"column":19},"end":{"line":13,"column":20}},"loc":{"start":{"line":13,"column":40},"end":{"line":15,"column":1}},"line":13},"4":{"name":"(anonymous_4)","decl":{"start":{"line":17,"column":19},"end":{"line":17,"column":20}},"loc":{"start":{"line":17,"column":46},"end":{"line":19,"column":1}},"line":17}},"branchMap":{},"s":{"0":1,"1":1,"2":1,"3":1,"4":1,"5":0,"6":1,"7":0,"8":1,"9":1,"10":1},"f":{"0":1,"1":1,"2":0,"3":0,"4":1},"b":{},"_coverageSchema":"1a1c01bbd47fc00a2c39e90264f33305004495a9","hash":"735f24263676f1892d774e25410bb3972d826d03"}
,"C:\\Users\\dhdan\\Desktop\\proyectos\\micro-services-practic\\database\\src\\routes\\characters.js": {"path":"C:\\Users\\dhdan\\Desktop\\proyectos\\micro-services-practic\\database\\src\\routes\\characters.js","statementMap":{"0":{"start":{"line":1,"column":96},"end":{"line":1,"column":121}},"1":{"start":{"line":3,"column":15},"end":{"line":3,"column":42}},"2":{"start":{"line":6,"column":0},"end":{"line":6,"column":31}},"3":{"start":{"line":7,"column":0},"end":{"line":7,"column":36}},"4":{"start":{"line":8,"column":0},"end":{"line":8,"column":33}},"5":{"start":{"line":9,"column":0},"end":{"line":9,"column":38}},"6":{"start":{"line":10,"column":0},"end":{"line":10,"column":35}},"7":{"start":{"line":13,"column":0},"end":{"line":13,"column":23}}},"fnMap":{},"branchMap":{},"s":{"0":1,"1":1,"2":1,"3":1,"4":1,"5":1,"6":1,"7":1},"f":{},"b":{},"_coverageSchema":"1a1c01bbd47fc00a2c39e90264f33305004495a9","hash":"1933ba01563b5fc09d133d0c369e520813bc994e"}
,"C:\\Users\\dhdan\\Desktop\\proyectos\\micro-services-practic\\database\\src\\routes\\films.js": {"path":"C:\\Users\\dhdan\\Desktop\\proyectos\\micro-services-practic\\database\\src\\routes\\films.js","statementMap":{"0":{"start":{"line":7,"column":4},"end":{"line":7,"column":29}},"1":{"start":{"line":9,"column":15},"end":{"line":9,"column":42}},"2":{"start":{"line":11,"column":0},"end":{"line":11,"column":29}},"3":{"start":{"line":12,"column":0},"end":{"line":12,"column":28}},"4":{"start":{"line":13,"column":0},"end":{"line":13,"column":30}},"5":{"start":{"line":14,"column":0},"end":{"line":14,"column":28}},"6":{"start":{"line":15,"column":0},"end":{"line":15,"column":33}},"7":{"start":{"line":17,"column":0},"end":{"line":17,"column":23}}},"fnMap":{},"branchMap":{},"s":{"0":1,"1":1,"2":1,"3":1,"4":1,"5":1,"6":1,"7":1},"f":{},"b":{},"_coverageSchema":"1a1c01bbd47fc00a2c39e90264f33305004495a9","hash":"8b08551b102279710effc27e040630d136af5c0b"}
,"C:\\Users\\dhdan\\Desktop\\proyectos\\micro-services-practic\\database\\src\\routes\\index.js": {"path":"C:\\Users\\dhdan\\Desktop\\proyectos\\micro-services-practic\\database\\src\\routes\\index.js","statementMap":{"0":{"start":{"line":1,"column":15},"end":{"line":1,"column":42}},"1":{"start":{"line":2,"column":11},"end":{"line":2,"column":24}},"2":{"start":{"line":4,"column":13},"end":{"line":4,"column":22}},"3":{"start":{"line":6,"column":24},"end":{"line":8,"column":1}},"4":{"start":{"line":7,"column":2},"end":{"line":7,"column":36}},"5":{"start":{"line":10,"column":0},"end":{"line":15,"column":2}},"6":{"start":{"line":11,"column":15},"end":{"line":11,"column":40}},"7":{"start":{"line":12,"column":2},"end":{"line":14,"column":3}},"8":{"start":{"line":13,"column":4},"end":{"line":13,"column":52}},"9":{"start":{"line":17,"column":0},"end":{"line":17,"column":23}}},"fnMap":{"0":{"name":"(anonymous_0)","decl":{"start":{"line":6,"column":24},"end":{"line":6,"column":25}},"loc":{"start":{"line":6,"column":38},"end":{"line":8,"column":1}},"line":6},"1":{"name":"(anonymous_1)","decl":{"start":{"line":10,"column":28},"end":{"line":10,"column":29}},"loc":{"start":{"line":10,"column":42},"end":{"line":15,"column":1}},"line":10}},"branchMap":{"0":{"loc":{"start":{"line":12,"column":2},"end":{"line":14,"column":3}},"type":"if","locations":[{"start":{"line":12,"column":2},"end":{"line":14,"column":3}},{"start":{},"end":{}}],"line":12}},"s":{"0":1,"1":1,"2":1,"3":1,"4":4,"5":1,"6":4,"7":4,"8":3,"9":1},"f":{"0":4,"1":4},"b":{"0":[3,1]},"_coverageSchema":"1a1c01bbd47fc00a2c39e90264f33305004495a9","hash":"88df0db5af4a306f8b7c7f05ba630d5df3c80f81"}
,"C:\\Users\\dhdan\\Desktop\\proyectos\\micro-services-practic\\database\\src\\routes\\planets.js": {"path":"C:\\Users\\dhdan\\Desktop\\proyectos\\micro-services-practic\\database\\src\\routes\\planets.js","statementMap":{"0":{"start":{"line":7,"column":4},"end":{"line":7,"column":41}},"1":{"start":{"line":9,"column":15},"end":{"line":9,"column":42}},"2":{"start":{"line":11,"column":0},"end":{"line":11,"column":28}},"3":{"start":{"line":12,"column":0},"end":{"line":12,"column":30}},"4":{"start":{"line":13,"column":0},"end":{"line":13,"column":32}},"5":{"start":{"line":14,"column":0},"end":{"line":14,"column":30}},"6":{"start":{"line":15,"column":0},"end":{"line":15,"column":35}},"7":{"start":{"line":17,"column":0},"end":{"line":17,"column":23}}},"fnMap":{},"branchMap":{},"s":{"0":1,"1":1,"2":1,"3":1,"4":1,"5":1,"6":1,"7":1},"f":{},"b":{},"_coverageSchema":"1a1c01bbd47fc00a2c39e90264f33305004495a9","hash":"8b7329f3d49798cd17c0ab3afabd317e06a1c741"}
,"C:\\Users\\dhdan\\Desktop\\proyectos\\micro-services-practic\\database\\src\\services\\data.service.js": {"path":"C:\\Users\\dhdan\\Desktop\\proyectos\\micro-services-practic\\database\\src\\services\\data.service.js","statementMap":{"0":{"start":{"line":1,"column":13},"end":{"line":1,"column":24}},"1":{"start":{"line":6,"column":20},"end":{"line":6,"column":47}},"2":{"start":{"line":8,"column":17},"end":{"line":8,"column":37}},"3":{"start":{"line":9,"column":4},"end":{"line":9,"column":15}},"4":{"start":{"line":13,"column":20},"end":{"line":13,"column":47}},"5":{"start":{"line":14,"column":19},"end":{"line":14,"column":45}},"6":{"start":{"line":15,"column":4},"end":{"line":15,"column":17}},"7":{"start":{"line":19,"column":20},"end":{"line":19,"column":47}},"8":{"start":{"line":20,"column":17},"end":{"line":20,"column":46}},"9":{"start":{"line":21,"column":4},"end":{"line":21,"column":15}},"10":{"start":{"line":25,"column":20},"end":{"line":25,"column":47}},"11":{"start":{"line":27,"column":23},"end":{"line":27,"column":55}},"12":{"start":{"line":28,"column":4},"end":{"line":28,"column":21}},"13":{"start":{"line":32,"column":20},"end":{"line":32,"column":47}},"14":{"start":{"line":34,"column":19},"end":{"line":34,"column":53}},"15":{"start":{"line":35,"column":4},"end":{"line":35,"column":17}},"16":{"start":{"line":39,"column":0},"end":{"line":39,"column":32}}},"fnMap":{"0":{"name":"(anonymous_0)","decl":{"start":{"line":5,"column":2},"end":{"line":5,"column":3}},"loc":{"start":{"line":5,"column":23},"end":{"line":10,"column":3}},"line":5},"1":{"name":"(anonymous_1)","decl":{"start":{"line":12,"column":2},"end":{"line":12,"column":3}},"loc":{"start":{"line":12,"column":33},"end":{"line":16,"column":3}},"line":12},"2":{"name":"(anonymous_2)","decl":{"start":{"line":18,"column":2},"end":{"line":18,"column":3}},"loc":{"start":{"line":18,"column":32},"end":{"line":22,"column":3}},"line":18},"3":{"name":"(anonymous_3)","decl":{"start":{"line":24,"column":2},"end":{"line":24,"column":3}},"loc":{"start":{"line":24,"column":35},"end":{"line":29,"column":3}},"line":24},"4":{"name":"(anonymous_4)","decl":{"start":{"line":31,"column":2},"end":{"line":31,"column":3}},"loc":{"start":{"line":31,"column":37},"end":{"line":36,"column":3}},"line":31}},"branchMap":{},"s":{"0":1,"1":1,"2":1,"3":1,"4":1,"5":1,"6":1,"7":0,"8":0,"9":0,"10":0,"11":0,"12":0,"13":1,"14":1,"15":1,"16":1},"f":{"0":1,"1":1,"2":0,"3":0,"4":1},"b":{},"_coverageSchema":"1a1c01bbd47fc00a2c39e90264f33305004495a9","hash":"c089e19339b57da508b9da66e01cd9059efa6198"}
,"C:\\Users\\dhdan\\Desktop\\proyectos\\micro-services-practic\\database\\test\\helpers\\characters.js": {"path":"C:\\Users\\dhdan\\Desktop\\proyectos\\micro-services-practic\\database\\test\\helpers\\characters.js","statementMap":{"0":{"start":{"line":1,"column":19},"end":{"line":10,"column":1}},"1":{"start":{"line":14,"column":0},"end":{"line":16,"column":1}}},"fnMap":{},"branchMap":{},"s":{"0":1,"1":1},"f":{},"b":{},"_coverageSchema":"1a1c01bbd47fc00a2c39e90264f33305004495a9","hash":"5bb1b93d98543129775f7ecc15b1e2818fa28074"}
}
